[debug] [2022-08-30T17:06:06.664Z] ----------------------------------------------------------------------
[debug] [2022-08-30T17:06:06.667Z] Command:       C:\Program Files\nodejs\node.exe C:\Users\anshp\AppData\Roaming\npm\node_modules\firebase-tools\lib\bin\firebase.js emulators:start
[debug] [2022-08-30T17:06:06.668Z] CLI Version:   11.8.0
[debug] [2022-08-30T17:06:06.668Z] Platform:      win32
[debug] [2022-08-30T17:06:06.668Z] Node Version:  v18.8.0
[debug] [2022-08-30T17:06:06.676Z] Time:          Tue Aug 30 2022 22:36:06 GMT+0530 (India Standard Time)
[debug] [2022-08-30T17:06:06.677Z] ----------------------------------------------------------------------
[debug] 
[debug] [2022-08-30T17:06:06.889Z] > command requires scopes: ["email","openid","https://www.googleapis.com/auth/cloudplatformprojects.readonly","https://www.googleapis.com/auth/firebase","https://www.googleapis.com/auth/cloud-platform"]
[debug] [2022-08-30T17:06:06.890Z] > authorizing via signed-in user (ansh6575@gmail.com)
[info] i  emulators: Starting emulators: functions, hosting {"metadata":{"emulator":{"name":"hub"},"message":"Starting emulators: functions, hosting"}}
[warn] !  emulators: It seems that you are running multiple instances of the emulator suite for project clone-6575. This may result in unexpected behavior. 
[debug] [2022-08-30T17:06:06.930Z] [hub] writing locator at C:\Users\anshp\AppData\Local\Temp\hub-clone-6575.json
[warn] !  functions: The following emulators are not running, calls to these services from the Functions emulator will affect production: auth, firestore, database, pubsub, storage, eventarc {"metadata":{"emulator":{"name":"functions"},"message":"The following emulators are not running, calls to these services from the Functions emulator will affect production: \u001b[1mauth, firestore, database, pubsub, storage, eventarc\u001b[22m"}}
[warn] !  Your requested "node" version "16" doesn't match your global version "18". Using node@18 from host. {"metadata":{"emulator":{"name":"functions"},"message":"Your requested \"node\" version \"16\" doesn't match your global version \"18\". Using node@18 from host."}}
[debug] [2022-08-30T17:06:07.249Z] defaultcredentials: writing to file C:\Users\anshp\AppData\Roaming\firebase\ansh6575_gmail_com_application_default_credentials.json
[debug] [2022-08-30T17:06:07.264Z] Setting GAC to C:\Users\anshp\AppData\Roaming\firebase\ansh6575_gmail_com_application_default_credentials.json {"metadata":{"emulator":{"name":"functions"},"message":"Setting GAC to C:\\Users\\anshp\\AppData\\Roaming\\firebase\\ansh6575_gmail_com_application_default_credentials.json"}}
[debug] [2022-08-30T17:06:07.268Z] > refreshing access token with scopes: []
[debug] [2022-08-30T17:06:07.272Z] >>> [apiv2][query] POST https://www.googleapis.com/oauth2/v3/token [none]
[debug] [2022-08-30T17:06:07.272Z] >>> [apiv2][body] POST https://www.googleapis.com/oauth2/v3/token [omitted]
[debug] [2022-08-30T17:06:07.738Z] <<< [apiv2][status] POST https://www.googleapis.com/oauth2/v3/token 200
[debug] [2022-08-30T17:06:07.739Z] <<< [apiv2][body] POST https://www.googleapis.com/oauth2/v3/token [omitted]
[debug] [2022-08-30T17:06:07.761Z] >>> [apiv2][query] GET https://firebase.googleapis.com/v1beta1/projects/clone-6575/adminSdkConfig [none]
[debug] [2022-08-30T17:06:08.943Z] <<< [apiv2][status] GET https://firebase.googleapis.com/v1beta1/projects/clone-6575/adminSdkConfig 200
[debug] [2022-08-30T17:06:08.943Z] <<< [apiv2][body] GET https://firebase.googleapis.com/v1beta1/projects/clone-6575/adminSdkConfig {"projectId":"clone-6575","storageBucket":"clone-6575.appspot.com"}
[debug] [2022-08-30T17:06:09.048Z] >>> [apiv2][query] GET https://firebasehosting.googleapis.com/v1beta1/projects/clone-6575/sites 
[debug] [2022-08-30T17:06:10.750Z] <<< [apiv2][status] GET https://firebasehosting.googleapis.com/v1beta1/projects/clone-6575/sites 200
[debug] [2022-08-30T17:06:10.750Z] <<< [apiv2][body] GET https://firebasehosting.googleapis.com/v1beta1/projects/clone-6575/sites {"sites":[{"name":"projects/clone-6575/sites/clone-6575","defaultUrl":"https://clone-6575.web.app","appId":"1:853021827009:web:4a501e2324221218699940","type":"DEFAULT_SITE"}]}
[debug] [2022-08-30T17:06:10.751Z] >>> [apiv2][query] GET https://firebase.googleapis.com/v1beta1/projects/clone-6575/webApps/1:853021827009:web:4a501e2324221218699940/config [none]
[debug] [2022-08-30T17:06:12.313Z] <<< [apiv2][status] GET https://firebase.googleapis.com/v1beta1/projects/clone-6575/webApps/1:853021827009:web:4a501e2324221218699940/config 200
[debug] [2022-08-30T17:06:12.313Z] <<< [apiv2][body] GET https://firebase.googleapis.com/v1beta1/projects/clone-6575/webApps/1:853021827009:web:4a501e2324221218699940/config {"projectId":"clone-6575","appId":"1:853021827009:web:4a501e2324221218699940","storageBucket":"clone-6575.appspot.com","apiKey":"AIzaSyAKk50XF-NlM6Y9KdFr0qEgkvPVWUVudWo","authDomain":"clone-6575.firebaseapp.com","messagingSenderId":"853021827009","measurementId":"G-BXJWGGX9WM"}
[info] i  hosting: Serving hosting files from: build {"metadata":{"emulator":{"name":"hosting"},"message":"Serving hosting files from: \u001b[1mbuild\u001b[22m"}}
[info] +  hosting: Local server: http://localhost:5000 {"metadata":{"emulator":{"name":"hosting"},"message":"Local server: \u001b[4m\u001b[1mhttp://localhost:5000\u001b[22m\u001b[24m"}}
[debug] [2022-08-30T17:06:12.382Z] Ignoring unsupported arg: auto_download {"metadata":{"emulator":{"name":"ui"},"message":"Ignoring unsupported arg: auto_download"}}
[debug] [2022-08-30T17:06:12.383Z] Ignoring unsupported arg: port {"metadata":{"emulator":{"name":"ui"},"message":"Ignoring unsupported arg: port"}}
[debug] [2022-08-30T17:06:12.383Z] Starting Emulator UI with command {"binary":"node","args":["C:\\Users\\anshp\\.cache\\firebase\\emulators\\ui-v1.9.0\\server\\server.js"],"optionalArgs":[],"joinArgs":false} {"metadata":{"emulator":{"name":"ui"},"message":"Starting Emulator UI with command {\"binary\":\"node\",\"args\":[\"C:\\\\Users\\\\anshp\\\\.cache\\\\firebase\\\\emulators\\\\ui-v1.9.0\\\\server\\\\server.js\"],\"optionalArgs\":[],\"joinArgs\":false}"}}
[info] i  ui: Emulator UI logging to ui-debug.log {"metadata":{"emulator":{"name":"ui"},"message":"Emulator UI logging to \u001b[1mui-debug.log\u001b[22m"}}
[debug] [2022-08-30T17:06:12.672Z] Web / API server started at localhost:4000
 {"metadata":{"emulator":{"name":"ui"},"message":"Web / API server started at localhost:4000\n"}}
[info] i  functions: Watching "D:\REACT COURSE\amazon-clone\functions" for Cloud Functions... {"metadata":{"emulator":{"name":"functions"},"message":"Watching \"D:\\REACT COURSE\\amazon-clone\\functions\" for Cloud Functions..."}}
[debug] [2022-08-30T17:06:12.959Z] Validating nodejs source
[debug] [2022-08-30T17:06:20.737Z] > [functions] package.json contents: {
  "name": "functions",
  "description": "Cloud Functions for Firebase",
  "scripts": {
    "lint": "eslint .",
    "serve": "firebase emulators:start --only functions",
    "shell": "firebase functions:shell",
    "start": "npm run shell",
    "deploy": "firebase deploy --only functions",
    "logs": "firebase functions:log"
  },
  "engines": {
    "node": "16"
  },
  "main": "index.js",
  "dependencies": {
    "cors": "^2.8.5",
    "express": "^4.18.1",
    "firebase-admin": "^10.0.2",
    "firebase-functions": "^3.18.0",
    "stripe": "^10.6.0"
  },
  "devDependencies": {
    "eslint": "^8.9.0",
    "eslint-config-google": "^0.14.0",
    "firebase-functions-test": "^0.2.0"
  },
  "private": true
}
[debug] [2022-08-30T17:06:20.738Z] Building nodejs source
[debug] [2022-08-30T17:06:20.738Z] Analyzing nodejs backend spec
[debug] [2022-08-30T17:06:20.740Z] Could not find functions.yaml. Must use http discovery
[debug] [2022-08-30T17:06:20.874Z] [work-queue] {"queueLength":1,"workRunningCount":0}
[debug] [2022-08-30T17:06:20.905Z] [work-queue] {"queueLength":0,"workRunningCount":1}
[debug] [2022-08-30T17:06:20.923Z] [work-queue] {"queueLength":0,"workRunningCount":0}
[debug] [2022-08-30T17:06:24.405Z] Serving at port 9005

[debug] [2022-08-30T17:06:28.650Z] Got response from /__/functions.yaml {"endpoints":{"api":{"platform":"gcfv1","httpsTrigger":{},"entryPoint":"api"}},"specVersion":"v1alpha1","requiredAPIs":[]}
[debug] [2022-08-30T17:06:28.683Z] shutdown requested via /__/quitquitquit

[info] +  functions: Loaded functions definitions from source: api. {"metadata":{"emulator":{"name":"functions"},"message":"Loaded functions definitions from source: api."}}
[info] +  functions[us-central1-api]: http function initialized (http://localhost:5001/clone-6575/us-central1/api). {"metadata":{"emulator":{"name":"functions"},"message":"\u001b[1mhttp\u001b[22m function initialized (http://localhost:5001/clone-6575/us-central1/api)."}}
[info] 
┌─────────────────────────────────────────────────────────────┐
│ ✔  All emulators ready! It is now safe to connect your app. │
│ i  View Emulator UI at http://localhost:4000                │
└─────────────────────────────────────────────────────────────┘

┌───────────┬────────────────┬─────────────────────────────────┐
│ Emulator  │ Host:Port      │ View in Emulator UI             │
├───────────┼────────────────┼─────────────────────────────────┤
│ Functions │ localhost:5001 │ http://localhost:4000/functions │
├───────────┼────────────────┼─────────────────────────────────┤
│ Hosting   │ localhost:5000 │ n/a                             │
└───────────┴────────────────┴─────────────────────────────────┘
  Emulator Hub running at localhost:4400
  Other reserved ports: 4500

Issues? Report them at https://github.com/firebase/firebase-tools/issues and attach the *-debug.log files.
 
[debug] [2022-08-30T17:06:36.667Z] [work-queue] {"queueLength":1,"workRunningCount":0}
[debug] [2022-08-30T17:06:36.667Z] [work-queue] {"queueLength":0,"workRunningCount":1}
[debug] [2022-08-30T17:06:36.667Z] Accepted request POST /clone-6575/us-central1/api/payments/create?total=999 --> us-central1-api
[debug] [2022-08-30T17:06:36.692Z] [worker-pool] addWorker(us-central1-api) {"metadata":{"emulator":{"name":"functions"},"message":"[worker-pool] addWorker(us-central1-api)"}}
[debug] [2022-08-30T17:06:36.693Z] [worker-pool] Adding worker with key us-central1-api, total=1 {"metadata":{"emulator":{"name":"functions"},"message":"[worker-pool] Adding worker with key us-central1-api, total=1"}}
[debug] [2022-08-30T17:06:36.693Z] [worker-pool] submitWork(triggerId=us-central1-api) {"metadata":{"emulator":{"name":"functions"},"message":"[worker-pool] submitWork(triggerId=us-central1-api)"}}
[debug] [2022-08-30T17:06:36.693Z] [worker-us-central1-api-4216a8fb-cd0d-4f4e-9819-25bdbf053843]: BUSY {"metadata":{"emulator":{"name":"functions"},"message":"[worker-us-central1-api-4216a8fb-cd0d-4f4e-9819-25bdbf053843]: BUSY"}}
[debug] [2022-08-30T17:06:39.470Z] [runtime-status] [17496] Resolved module firebase-admin {"declared":true,"installed":true,"version":"10.3.0","resolution":"D:\\REACT COURSE\\amazon-clone\\functions\\node_modules\\firebase-admin\\lib\\index.js"} {"metadata":{"emulator":{"name":"functions"},"function":{"name":"us-central1-api"},"extension":{},"message":"[runtime-status] [17496] Resolved module firebase-admin {\"declared\":true,\"installed\":true,\"version\":\"10.3.0\",\"resolution\":\"D:\\\\REACT COURSE\\\\amazon-clone\\\\functions\\\\node_modules\\\\firebase-admin\\\\lib\\\\index.js\"}"}}
[debug] [2022-08-30T17:06:39.475Z] [runtime-status] [17496] Resolved module firebase-functions {"declared":true,"installed":true,"version":"3.22.0","resolution":"D:\\REACT COURSE\\amazon-clone\\functions\\node_modules\\firebase-functions\\lib\\index.js"} {"metadata":{"emulator":{"name":"functions"},"function":{"name":"us-central1-api"},"extension":{},"message":"[runtime-status] [17496] Resolved module firebase-functions {\"declared\":true,\"installed\":true,\"version\":\"3.22.0\",\"resolution\":\"D:\\\\REACT COURSE\\\\amazon-clone\\\\functions\\\\node_modules\\\\firebase-functions\\\\lib\\\\index.js\"}"}}
[debug] [2022-08-30T17:06:39.477Z] [runtime-status] [17496] Outgoing network have been stubbed. [{"name":"http","status":"mocked"},{"name":"http","status":"mocked"},{"name":"https","status":"mocked"},{"name":"https","status":"mocked"},{"name":"net","status":"mocked"}] {"metadata":{"emulator":{"name":"functions"},"function":{"name":"us-central1-api"},"extension":{},"message":"[runtime-status] [17496] Outgoing network have been stubbed. [{\"name\":\"http\",\"status\":\"mocked\"},{\"name\":\"http\",\"status\":\"mocked\"},{\"name\":\"https\",\"status\":\"mocked\"},{\"name\":\"https\",\"status\":\"mocked\"},{\"name\":\"net\",\"status\":\"mocked\"}]"}}
[debug] [2022-08-30T17:06:39.479Z] [runtime-status] [17496] Resolved module firebase-functions {"declared":true,"installed":true,"version":"3.22.0","resolution":"D:\\REACT COURSE\\amazon-clone\\functions\\node_modules\\firebase-functions\\lib\\index.js"} {"metadata":{"emulator":{"name":"functions"},"function":{"name":"us-central1-api"},"extension":{},"message":"[runtime-status] [17496] Resolved module firebase-functions {\"declared\":true,\"installed\":true,\"version\":\"3.22.0\",\"resolution\":\"D:\\\\REACT COURSE\\\\amazon-clone\\\\functions\\\\node_modules\\\\firebase-functions\\\\lib\\\\index.js\"}"}}
[debug] [2022-08-30T17:06:39.576Z] [runtime-status] [17496] Checked functions.config() {"config":{}} {"metadata":{"emulator":{"name":"functions"},"function":{"name":"us-central1-api"},"extension":{},"message":"[runtime-status] [17496] Checked functions.config() {\"config\":{}}"}}
[debug] [2022-08-30T17:06:39.576Z] [runtime-status] [17496] firebase-functions has been stubbed. {"functionsResolution":{"declared":true,"installed":true,"version":"3.22.0","resolution":"D:\\REACT COURSE\\amazon-clone\\functions\\node_modules\\firebase-functions\\lib\\index.js"}} {"metadata":{"emulator":{"name":"functions"},"function":{"name":"us-central1-api"},"extension":{},"message":"[runtime-status] [17496] firebase-functions has been stubbed. {\"functionsResolution\":{\"declared\":true,\"installed\":true,\"version\":\"3.22.0\",\"resolution\":\"D:\\\\REACT COURSE\\\\amazon-clone\\\\functions\\\\node_modules\\\\firebase-functions\\\\lib\\\\index.js\"}}"}}
[debug] [2022-08-30T17:06:39.577Z] [runtime-status] [17496] Resolved module firebase-functions {"declared":true,"installed":true,"version":"3.22.0","resolution":"D:\\REACT COURSE\\amazon-clone\\functions\\node_modules\\firebase-functions\\lib\\index.js"} {"metadata":{"emulator":{"name":"functions"},"function":{"name":"us-central1-api"},"extension":{},"message":"[runtime-status] [17496] Resolved module firebase-functions {\"declared\":true,\"installed\":true,\"version\":\"3.22.0\",\"resolution\":\"D:\\\\REACT COURSE\\\\amazon-clone\\\\functions\\\\node_modules\\\\firebase-functions\\\\lib\\\\index.js\"}"}}
[debug] [2022-08-30T17:06:39.579Z] [runtime-status] [17496] Resolved module firebase-admin {"declared":true,"installed":true,"version":"10.3.0","resolution":"D:\\REACT COURSE\\amazon-clone\\functions\\node_modules\\firebase-admin\\lib\\index.js"} {"metadata":{"emulator":{"name":"functions"},"function":{"name":"us-central1-api"},"extension":{},"message":"[runtime-status] [17496] Resolved module firebase-admin {\"declared\":true,\"installed\":true,\"version\":\"10.3.0\",\"resolution\":\"D:\\\\REACT COURSE\\\\amazon-clone\\\\functions\\\\node_modules\\\\firebase-admin\\\\lib\\\\index.js\"}"}}
[debug] [2022-08-30T17:06:39.580Z] [runtime-status] [17496] Resolved module firebase-functions {"declared":true,"installed":true,"version":"3.22.0","resolution":"D:\\REACT COURSE\\amazon-clone\\functions\\node_modules\\firebase-functions\\lib\\index.js"} {"metadata":{"emulator":{"name":"functions"},"function":{"name":"us-central1-api"},"extension":{},"message":"[runtime-status] [17496] Resolved module firebase-functions {\"declared\":true,\"installed\":true,\"version\":\"3.22.0\",\"resolution\":\"D:\\\\REACT COURSE\\\\amazon-clone\\\\functions\\\\node_modules\\\\firebase-functions\\\\lib\\\\index.js\"}"}}
[debug] [2022-08-30T17:06:39.581Z] [runtime-status] [17496] firebase-admin has been stubbed. {"adminResolution":{"declared":true,"installed":true,"version":"10.3.0","resolution":"D:\\REACT COURSE\\amazon-clone\\functions\\node_modules\\firebase-admin\\lib\\index.js"}} {"metadata":{"emulator":{"name":"functions"},"function":{"name":"us-central1-api"},"extension":{},"message":"[runtime-status] [17496] firebase-admin has been stubbed. {\"adminResolution\":{\"declared\":true,\"installed\":true,\"version\":\"10.3.0\",\"resolution\":\"D:\\\\REACT COURSE\\\\amazon-clone\\\\functions\\\\node_modules\\\\firebase-admin\\\\lib\\\\index.js\"}}"}}
[debug] [2022-08-30T17:06:39.581Z] [runtime-status] [17496] Functions runtime initialized. {"cwd":"D:\\REACT COURSE\\amazon-clone\\functions","node_version":"18.8.0"} {"metadata":{"emulator":{"name":"functions"},"function":{"name":"us-central1-api"},"extension":{},"message":"[runtime-status] [17496] Functions runtime initialized. {\"cwd\":\"D:\\\\REACT COURSE\\\\amazon-clone\\\\functions\",\"node_version\":\"18.8.0\"}"}}
[debug] [2022-08-30T17:06:39.855Z] [runtime-status] [17496] Beginning invocation function api! {"metadata":{"emulator":{"name":"functions"},"function":{"name":"us-central1-api"},"extension":{},"message":"[runtime-status] [17496] Beginning invocation function api!"}}
[info] i  functions: Beginning execution of "api" {"metadata":{"emulator":{"name":"functions"},"function":{"name":"us-central1-api"},"extension":{},"message":"Beginning execution of \"api\""}}
[debug] [2022-08-30T17:06:39.858Z] [runtime-status] [17496] Running api in signature http {"metadata":{"emulator":{"name":"functions"},"function":{"name":"us-central1-api"},"extension":{},"message":"[runtime-status] [17496] Running api in signature http"}}
[debug] [2022-08-30T17:06:39.881Z] [runtime-status] [17496] Listening to port: \\?\pipe\fire_emu_1855f5cb449fa021 {"metadata":{"emulator":{"name":"functions"},"function":{"name":"us-central1-api"},"extension":{},"message":"[runtime-status] [17496] Listening to port: \\\\?\\pipe\\fire_emu_1855f5cb449fa021"}}
[debug] [2022-08-30T17:06:39.996Z] [functions] Runtime ready! Sending request! {"metadata":{"emulator":{"name":"functions"},"message":"[functions] Runtime ready! Sending request!"}}
[debug] [2022-08-30T17:06:39.997Z] [functions] Got req.url=/clone-6575/us-central1/api/payments/create?total=999, mapping to path=/payments/create?total=999 {"metadata":{"emulator":{"name":"functions"},"message":"[functions] Got req.url=/clone-6575/us-central1/api/payments/create?total=999, mapping to path=/payments/create?total=999"}}
[debug] [2022-08-30T17:06:40.002Z] [runtime-status] [17496] Ephemeral server handling POST request {"metadata":{"emulator":{"name":"functions"},"function":{"name":"us-central1-api"},"extension":{},"message":"[runtime-status] [17496] Ephemeral server handling POST request"}}
[info] >  payment request recieved -  999 {"user":"payment request recieved -  999","metadata":{"emulator":{"name":"functions"},"function":{"name":"us-central1-api"},"extension":{},"message":"\u001b[90m> \u001b[39m payment request recieved -  999"}}
[debug] [2022-08-30T17:06:40.033Z] [runtime-status] [17496] Ephemeral server survived. {"metadata":{"emulator":{"name":"functions"},"function":{"name":"us-central1-api"},"extension":{},"message":"[runtime-status] [17496] Ephemeral server survived."}}
[info] i  functions: Finished "api" in ~1s {"metadata":{"emulator":{"name":"functions"},"function":{"name":"us-central1-api"},"extension":{},"message":"Finished \"api\" in ~1s"}}
[debug] [2022-08-30T17:06:41.192Z] [worker-us-central1-api-4216a8fb-cd0d-4f4e-9819-25bdbf053843]: IDLE {"metadata":{"emulator":{"name":"functions"},"message":"[worker-us-central1-api-4216a8fb-cd0d-4f4e-9819-25bdbf053843]: IDLE"}}
[debug] [2022-08-30T17:06:41.193Z] [work-queue] {"queueLength":0,"workRunningCount":0}
